<?xml version="1.0" encoding="UTF-8"?>
<testsuite name="hello.GreetingRouterTest" tests="1" skipped="0" failures="0" errors="0" timestamp="2020-02-18T17:23:17" hostname="Nugrah-Pratama" time="0.502">
  <properties/>
  <testcase name="testHello" classname="hello.GreetingRouterTest" time="0.502"/>
  <system-out><![CDATA[00:23:15.846 [Test worker] DEBUG org.springframework.test.context.junit4.SpringJUnit4ClassRunner - SpringJUnit4ClassRunner constructor called with [class hello.GreetingRouterTest]
00:23:15.854 [Test worker] DEBUG org.springframework.test.context.BootstrapUtils - Instantiating CacheAwareContextLoaderDelegate from class [org.springframework.test.context.cache.DefaultCacheAwareContextLoaderDelegate]
00:23:15.860 [Test worker] DEBUG org.springframework.test.context.BootstrapUtils - Instantiating BootstrapContext using constructor [public org.springframework.test.context.support.DefaultBootstrapContext(java.lang.Class,org.springframework.test.context.CacheAwareContextLoaderDelegate)]
00:23:15.895 [Test worker] DEBUG org.springframework.test.context.BootstrapUtils - Instantiating TestContextBootstrapper for test class [hello.GreetingRouterTest] from class [org.springframework.boot.test.context.SpringBootTestContextBootstrapper]
00:23:15.910 [Test worker] INFO org.springframework.boot.test.context.SpringBootTestContextBootstrapper - Neither @ContextConfiguration nor @ContextHierarchy found for test class [hello.GreetingRouterTest], using SpringBootContextLoader
00:23:15.914 [Test worker] DEBUG org.springframework.test.context.support.AbstractContextLoader - Did not detect default resource location for test class [hello.GreetingRouterTest]: class path resource [hello/GreetingRouterTest-context.xml] does not exist
00:23:15.915 [Test worker] DEBUG org.springframework.test.context.support.AbstractContextLoader - Did not detect default resource location for test class [hello.GreetingRouterTest]: class path resource [hello/GreetingRouterTestContext.groovy] does not exist
00:23:15.916 [Test worker] INFO org.springframework.test.context.support.AbstractContextLoader - Could not detect default resource locations for test class [hello.GreetingRouterTest]: no resource found for suffixes {-context.xml, Context.groovy}.
00:23:15.916 [Test worker] INFO org.springframework.test.context.support.AnnotationConfigContextLoaderUtils - Could not detect default configuration classes for test class [hello.GreetingRouterTest]: GreetingRouterTest does not declare any static, non-private, non-final, nested classes annotated with @Configuration.
00:23:15.950 [Test worker] DEBUG org.springframework.test.context.support.ActiveProfilesUtils - Could not find an 'annotation declaring class' for annotation type [org.springframework.test.context.ActiveProfiles] and class [hello.GreetingRouterTest]
00:23:16.007 [Test worker] DEBUG org.springframework.context.annotation.ClassPathScanningCandidateComponentProvider - Identified candidate component class: file [/Users/nugrahpratama/Folder Rama/RPL/RPL-MS-Hotel-BE/transaction/build/classes/java/main/hello/Application.class]
00:23:16.010 [Test worker] INFO org.springframework.boot.test.context.SpringBootTestContextBootstrapper - Found @SpringBootConfiguration hello.Application for test class hello.GreetingRouterTest
00:23:16.087 [Test worker] DEBUG org.springframework.boot.test.context.SpringBootTestContextBootstrapper - @TestExecutionListeners is not present for class [hello.GreetingRouterTest]: using defaults.
00:23:16.087 [Test worker] INFO org.springframework.boot.test.context.SpringBootTestContextBootstrapper - Loaded default TestExecutionListener class names from location [META-INF/spring.factories]: [org.springframework.boot.test.autoconfigure.restdocs.RestDocsTestExecutionListener, org.springframework.boot.test.autoconfigure.web.client.MockRestServiceServerResetTestExecutionListener, org.springframework.boot.test.autoconfigure.web.servlet.MockMvcPrintOnlyOnFailureTestExecutionListener, org.springframework.boot.test.autoconfigure.web.servlet.WebDriverTestExecutionListener, org.springframework.boot.test.mock.mockito.MockitoTestExecutionListener, org.springframework.boot.test.mock.mockito.ResetMocksTestExecutionListener, org.springframework.test.context.web.ServletTestExecutionListener, org.springframework.test.context.support.DirtiesContextBeforeModesTestExecutionListener, org.springframework.test.context.support.DependencyInjectionTestExecutionListener, org.springframework.test.context.support.DirtiesContextTestExecutionListener, org.springframework.test.context.transaction.TransactionalTestExecutionListener, org.springframework.test.context.jdbc.SqlScriptsTestExecutionListener, org.springframework.test.context.event.EventPublishingTestExecutionListener]
00:23:16.093 [Test worker] DEBUG org.springframework.boot.test.context.SpringBootTestContextBootstrapper - Skipping candidate TestExecutionListener [org.springframework.test.context.web.ServletTestExecutionListener] due to a missing dependency. Specify custom listener classes or make the default listener classes and their required dependencies available. Offending class: [javax/servlet/ServletContext]
00:23:16.094 [Test worker] DEBUG org.springframework.boot.test.context.SpringBootTestContextBootstrapper - Skipping candidate TestExecutionListener [org.springframework.test.context.transaction.TransactionalTestExecutionListener] due to a missing dependency. Specify custom listener classes or make the default listener classes and their required dependencies available. Offending class: [org/springframework/transaction/interceptor/TransactionAttributeSource]
00:23:16.095 [Test worker] DEBUG org.springframework.boot.test.context.SpringBootTestContextBootstrapper - Skipping candidate TestExecutionListener [org.springframework.test.context.jdbc.SqlScriptsTestExecutionListener] due to a missing dependency. Specify custom listener classes or make the default listener classes and their required dependencies available. Offending class: [org/springframework/transaction/interceptor/TransactionAttribute]
00:23:16.095 [Test worker] INFO org.springframework.boot.test.context.SpringBootTestContextBootstrapper - Using TestExecutionListeners: [org.springframework.test.context.support.DirtiesContextBeforeModesTestExecutionListener@74392468, org.springframework.boot.test.mock.mockito.MockitoTestExecutionListener@5cd4e9be, org.springframework.boot.test.autoconfigure.SpringBootDependencyInjectionTestExecutionListener@79238752, org.springframework.test.context.support.DirtiesContextTestExecutionListener@2c1e0960, org.springframework.test.context.event.EventPublishingTestExecutionListener@113962ef, org.springframework.boot.test.autoconfigure.restdocs.RestDocsTestExecutionListener@6adbf06f, org.springframework.boot.test.autoconfigure.web.client.MockRestServiceServerResetTestExecutionListener@f27e371, org.springframework.boot.test.autoconfigure.web.servlet.MockMvcPrintOnlyOnFailureTestExecutionListener@532ebefc, org.springframework.boot.test.autoconfigure.web.servlet.WebDriverTestExecutionListener@95a806c, org.springframework.boot.test.mock.mockito.ResetMocksTestExecutionListener@3c3751a0]
00:23:16.098 [Test worker] DEBUG org.springframework.test.annotation.ProfileValueUtils - Retrieved @ProfileValueSourceConfiguration [null] for test class [hello.GreetingRouterTest]
00:23:16.098 [Test worker] DEBUG org.springframework.test.annotation.ProfileValueUtils - Retrieved ProfileValueSource type [class org.springframework.test.annotation.SystemProfileValueSource] for class [hello.GreetingRouterTest]
00:23:16.099 [Test worker] DEBUG org.springframework.test.annotation.ProfileValueUtils - Retrieved @ProfileValueSourceConfiguration [null] for test class [hello.GreetingRouterTest]
00:23:16.099 [Test worker] DEBUG org.springframework.test.annotation.ProfileValueUtils - Retrieved ProfileValueSource type [class org.springframework.test.annotation.SystemProfileValueSource] for class [hello.GreetingRouterTest]
00:23:16.103 [Test worker] DEBUG org.springframework.test.context.support.AbstractDirtiesContextTestExecutionListener - Before test class: context [DefaultTestContext@4c561ac0 testClass = GreetingRouterTest, testInstance = [null], testMethod = [null], testException = [null], mergedContextConfiguration = [ReactiveWebMergedContextConfiguration@21be1319 testClass = GreetingRouterTest, locations = '{}', classes = '{class hello.Application}', contextInitializerClasses = '[]', activeProfiles = '{}', propertySourceLocations = '{}', propertySourceProperties = '{org.springframework.boot.test.context.SpringBootTestContextBootstrapper=true, server.port=0}', contextCustomizers = set[org.springframework.boot.test.autoconfigure.properties.PropertyMappingContextCustomizer@0, org.springframework.boot.test.autoconfigure.web.servlet.WebDriverContextCustomizerFactory$Customizer@878d058, org.springframework.boot.test.context.filter.ExcludeFilterContextCustomizer@51f7a8e1, org.springframework.boot.test.json.DuplicateJsonObjectContextCustomizerFactory$DuplicateJsonObjectContextCustomizer@3811a1f4, org.springframework.boot.test.mock.mockito.MockitoContextCustomizer@0, org.springframework.boot.test.web.client.TestRestTemplateContextCustomizer@5cb303fc, org.springframework.boot.test.web.reactive.server.WebTestClientContextCustomizer@30033fcd], contextLoader = 'org.springframework.boot.test.context.SpringBootContextLoader', parent = [null]], attributes = map['org.springframework.test.context.web.ServletTestExecutionListener.activateListener' -> false]], class annotated with @DirtiesContext [false] with mode [null].
00:23:16.105 [Test worker] DEBUG org.springframework.test.annotation.ProfileValueUtils - Retrieved @ProfileValueSourceConfiguration [null] for test class [hello.GreetingRouterTest]
00:23:16.105 [Test worker] DEBUG org.springframework.test.annotation.ProfileValueUtils - Retrieved ProfileValueSource type [class org.springframework.test.annotation.SystemProfileValueSource] for class [hello.GreetingRouterTest]
00:23:16.108 [Test worker] DEBUG org.springframework.test.context.support.DependencyInjectionTestExecutionListener - Performing dependency injection for test context [[DefaultTestContext@4c561ac0 testClass = GreetingRouterTest, testInstance = hello.GreetingRouterTest@5c5df686, testMethod = [null], testException = [null], mergedContextConfiguration = [ReactiveWebMergedContextConfiguration@21be1319 testClass = GreetingRouterTest, locations = '{}', classes = '{class hello.Application}', contextInitializerClasses = '[]', activeProfiles = '{}', propertySourceLocations = '{}', propertySourceProperties = '{org.springframework.boot.test.context.SpringBootTestContextBootstrapper=true, server.port=0}', contextCustomizers = set[org.springframework.boot.test.autoconfigure.properties.PropertyMappingContextCustomizer@0, org.springframework.boot.test.autoconfigure.web.servlet.WebDriverContextCustomizerFactory$Customizer@878d058, org.springframework.boot.test.context.filter.ExcludeFilterContextCustomizer@51f7a8e1, org.springframework.boot.test.json.DuplicateJsonObjectContextCustomizerFactory$DuplicateJsonObjectContextCustomizer@3811a1f4, org.springframework.boot.test.mock.mockito.MockitoContextCustomizer@0, org.springframework.boot.test.web.client.TestRestTemplateContextCustomizer@5cb303fc, org.springframework.boot.test.web.reactive.server.WebTestClientContextCustomizer@30033fcd], contextLoader = 'org.springframework.boot.test.context.SpringBootContextLoader', parent = [null]], attributes = map['org.springframework.test.context.web.ServletTestExecutionListener.activateListener' -> false]]].
00:23:16.126 [Test worker] DEBUG org.springframework.test.context.support.TestPropertySourceUtils - Adding inlined properties to environment: {spring.jmx.enabled=false, org.springframework.boot.test.context.SpringBootTestContextBootstrapper=true, server.port=0}

  .   ____          _            __ _ _
 /\\ / ___'_ __ _ _(_)_ __  __ _ \ \ \ \
( ( )\___ | '_ | '_| | '_ \/ _` | \ \ \ \
 \\/  ___)| |_)| | | | | || (_| |  ) ) ) )
  '  |____| .__|_| |_|_| |_\__, | / / / /
 =========|_|==============|___/=/_/_/_/
 :: Spring Boot ::        (v2.2.1.RELEASE)

2020-02-19 00:23:16.396  INFO 90708 --- [    Test worker] hello.GreetingRouterTest                 : Starting GreetingRouterTest on Nugrah-Pratama with PID 90708 (started by nugrahpratama in /Users/nugrahpratama/Folder Rama/RPL/RPL-MS-Hotel-BE/transaction)
2020-02-19 00:23:16.398  INFO 90708 --- [    Test worker] hello.GreetingRouterTest                 : No active profile set, falling back to default profiles: default
2020-02-19 00:23:17.616  INFO 90708 --- [    Test worker] o.s.b.web.embedded.netty.NettyWebServer  : Netty started on port(s): 58631
2020-02-19 00:23:17.620  INFO 90708 --- [    Test worker] hello.GreetingRouterTest                 : Started GreetingRouterTest in 1.489 seconds (JVM running for 2.345)
]]></system-out>
  <system-err><![CDATA[]]></system-err>
</testsuite>
